This is XeTeX, Version 3.141592653-2.6-0.999993 (TeX Live 2021/W32TeX) (preloaded format=xelatex 2022.1.4)  5 MAY 2022 19:48
entering extended mode
 restricted \write18 enabled.
 %&-line parsing enabled.
**backmatter.tex
(./backmatter.tex
LaTeX2e <2020-10-01> patch level 4
L3 programming layer <2021-02-18>
! Undefined control sequence.
l.4 \acknowledgement
                    
The control sequence at the end of the top line
of your error message was never \def'ed. If you have
misspelled it (e.g., `\hobx'), type `I' and the correct
spelling (e.g., `I\hbox'). Otherwise just continue,
and I'll forget about whatever was undefined.


! LaTeX Error: Missing \begin{document}.

See the LaTeX manual or LaTeX Companion for explanation.
Type  H <return>  for immediate help.
 ...                                              
                                                  
l.7 感
     谢你, 感谢他和她, 感谢大家.
You're in trouble here.  Try typing  <return>  to proceed.
If that doesn't work, type  X <return>  to quit.

Missing character: There is no 感 ("611F) in font nullfont!
Missing character: There is no 谢 ("8C22) in font nullfont!
Missing character: There is no 你 ("4F60) in font nullfont!
Missing character: There is no , ("2C) in font nullfont!
Missing character: There is no 感 ("611F) in font nullfont!
Missing character: There is no 谢 ("8C22) in font nullfont!
Missing character: There is no 他 ("4ED6) in font nullfont!
Missing character: There is no 和 ("548C) in font nullfont!
Missing character: There is no 她 ("5979) in font nullfont!
Missing character: There is no , ("2C) in font nullfont!
Missing character: There is no 感 ("611F) in font nullfont!
Missing character: There is no 谢 ("8C22) in font nullfont!
Missing character: There is no 大 ("5927) in font nullfont!
Missing character: There is no 家 ("5BB6) in font nullfont!
Missing character: There is no . ("2E) in font nullfont!

Overfull \hbox (20.0pt too wide) in paragraph at lines 7--8
[]
 []

)
! Emergency stop.
<*> backmatter.tex
                  
*** (job aborted, no legal \end found)

 
Here is how much of TeX's memory you used:
 15 strings out of 476919
 309 string characters out of 5820945
 292906 words of memory out of 5000000
 20119 multiletter control sequences out of 15000+600000
 403430 words of font info for 27 fonts, out of 8000000 for 9000
 1348 hyphenation exceptions out of 8191
 12i,0n,15p,94b,17s stack positions out of 5000i,500n,10000p,200000b,80000s
No pages of output.
