\BOOKMARK [0][-]{title.0}{\376\377\134\001\227\142}{}% 1
\BOOKMARK [0][-]{chapter*.2}{\376\377\144\130\211\201}{}% 2
\BOOKMARK [0][-]{chapter*.3}{ABSTRACT}{}% 3
\BOOKMARK [0][-]{toc.0}{\376\377\166\356\137\125}{}% 4
\BOOKMARK [0][-]{chapter.1}{\376\377\137\025\212\000}{}% 5
\BOOKMARK [1][-]{section.1.1}{\376\377\170\024\172\166\200\314\146\157}{chapter.1}% 6
\BOOKMARK [1][-]{section.1.2}{\376\377\200\314\146\157}{chapter.1}% 7
\BOOKMARK [1][-]{section.1.3}{\376\377\126\375\121\205\131\026\170\024\172\166\163\260\162\266}{chapter.1}% 8
\BOOKMARK [0][-]{chapter.2}{\376\377\127\050\176\277\145\207\116\366\177\026\217\221\174\373\176\337\166\204\227\000\154\102\122\006\147\220}{}% 9
\BOOKMARK [1][-]{section.2.1}{\376\377\137\123\122\115\116\015\215\263}{chapter.2}% 10
\BOOKMARK [2][-]{subsection.2.1.1}{\376\377\147\054\174\373\176\337\166\204\165\050\142\067\227\000\154\102}{section.2.1}% 11
\BOOKMARK [2][-]{subsection.2.1.2}{\376\377\147\054\174\373\176\337\133\236\163\260\227\000\211\201\133\236\163\260\166\204\122\237\200\375}{section.2.1}% 12
\BOOKMARK [0][-]{chapter.3}{\376\377\127\050\176\277\145\207\116\366\177\026\217\221\174\373\176\337\166\204\122\237\200\375\213\276\213\241}{}% 13
\BOOKMARK [1][-]{section.3.1}{\376\377\147\054\174\373\176\337\166\204\122\237\200\375\176\323\147\204}{chapter.3}% 14
\BOOKMARK [1][-]{section.3.2}{\376\377\166\173\137\125\133\120\174\373\176\337\166\204\122\237\200\375}{chapter.3}% 15
\BOOKMARK [1][-]{section.3.3}{\376\377\145\207\150\143\177\026\217\221\133\120\174\373\176\337\166\204\122\237\200\375}{chapter.3}% 16
\BOOKMARK [1][-]{section.3.4}{\376\377\145\207\150\143\173\241\164\006\133\120\174\373\176\337\166\204\122\237\200\375}{chapter.3}% 17
\BOOKMARK [1][-]{section.3.5}{\376\377\145\207\150\143\122\006\116\253\133\120\174\373\176\337\166\204\122\237\200\375}{chapter.3}% 18
\BOOKMARK [0][-]{chapter.4}{\376\377\127\050\176\277\177\026\217\221\174\373\176\337\166\204\145\160\143\156\136\223\213\276\213\241}{}% 19
\BOOKMARK [1][-]{section.4.1}{\376\377\147\054\174\373\176\337\166\204\145\160\143\156\136\223\151\202\137\365\213\276\213\241}{chapter.4}% 20
\BOOKMARK [1][-]{section.4.2}{\376\377\147\054\174\373\176\337\166\204\145\160\143\156\136\223\210\150\213\276\213\241}{chapter.4}% 21
\BOOKMARK [0][-]{chapter.5}{\376\377\127\050\176\277\177\026\217\221\174\373\176\337\166\204\213\276\213\241\124\214\133\236\163\260}{}% 22
\BOOKMARK [1][-]{section.5.1}{\376\377\163\257\130\203\221\115\177\156}{chapter.5}% 23
\BOOKMARK [1][-]{section.5.2}{\376\377\147\054\174\373\176\337\166\204\140\073\117\123\172\013\136\217\143\247\122\066\155\101\172\013}{chapter.5}% 24
\BOOKMARK [1][-]{section.5.3}{\376\377\166\173\137\125\174\373\176\337\166\204\213\276\213\241\124\214\133\236\163\260}{chapter.5}% 25
\BOOKMARK [2][-]{subsection.5.3.1}{\376\377\166\173\137\125\174\373\176\337\166\204\122\115\172\357\213\276\213\241}{section.5.3}% 26
\BOOKMARK [2][-]{subsection.5.3.2}{\376\377\166\173\137\125\174\373\176\337\166\204\124\016\172\357\213\276\213\241}{section.5.3}% 27
\BOOKMARK [1][-]{section.5.4}{\376\377\145\207\147\054\177\026\217\221\174\373\176\337\116\073\165\114\227\142\166\204\213\276\213\241\124\214\133\236\163\260}{chapter.5}% 28
\BOOKMARK [2][-]{subsection.5.4.1}{\376\377\145\207\147\054\177\026\217\221\174\373\176\337\166\204\122\115\172\357\213\276\213\241}{section.5.4}% 29
\BOOKMARK [2][-]{subsection.5.4.2}{\376\377\145\207\147\054\177\026\217\221\174\373\176\337\166\204\124\016\172\357\213\276\213\241}{section.5.4}% 30
\BOOKMARK [1][-]{section.5.5}{\376\377\145\207\150\143\121\161\116\253\166\204\213\276\213\241\124\214\133\236\163\260}{chapter.5}% 31
\BOOKMARK [2][-]{subsection.5.5.1}{\376\377\145\207\147\054\121\161\116\253\166\204\213\276\213\241}{section.5.5}% 32
\BOOKMARK [2][-]{subsection.5.5.2}{\376\377\145\207\147\054\121\161\116\253\166\204\124\016\172\357\213\276\213\241}{section.5.5}% 33
\BOOKMARK [1][-]{section.5.6}{\376\377\145\207\150\143\122\006\116\253\166\204\213\276\213\241\124\214\133\236\163\260}{chapter.5}% 34
\BOOKMARK [0][-]{chapter.6}{\376\377\176\323\213\355}{}% 35
\BOOKMARK [0][-]{section*.16}{\376\377\123\302\200\003\145\207\163\056}{}% 36
\BOOKMARK [0][-]{chapter*.18}{\376\377\201\364\214\042}{}% 37
\BOOKMARK [0][-]{appendix.A}{\376\377\116\213\230\171}{}% 38
